<?xml version="1.0" encoding="UTF-8"?>
<!-- Generated by org.testng.reporters.JUnitReportReporter -->
<testsuite hostname="LAPTOP-5T50EO1V" failures="0" tests="1" name="com.inetbanking.testCases.TC_LoginTest_001" time="1.062" errors="0" timestamp="15 Aug 2018 03:40:41 GMT" skipped="0">
  <testcase classname="com.inetbanking.testCases.TC_LoginTest_001" name="loginTest" time="1.062"/>
</testsuite> <!-- com.inetbanking.testCases.TC_LoginTest_001 -->
